c:\users\esteban.carranza\documents\github\piad\piad_cpp\piad_cpp\x64\debug\vc140.pdb
c:\users\esteban.carranza\documents\github\piad\piad_cpp\piad_cpp\x64\debug\vc140.idb
c:\users\esteban.carranza\documents\github\piad\piad_cpp\piad_cpp\x64\debug\main.obj
c:\users\esteban.carranza\documents\github\piad\piad_cpp\piad_cpp\x64\debug\e2.obj
c:\github\piad\piad_cpp\piad_cpp\x64\debug\vc140.pdb
c:\github\piad\piad_cpp\piad_cpp\x64\debug\vc140.idb
c:\github\piad\piad_cpp\piad_cpp\x64\debug\main.obj
c:\users\esteban.carranza\documents\github\piad\piad_cpp\x64\debug\piad_cpp.ilk
c:\users\esteban.carranza\documents\github\piad\piad_cpp\x64\debug\piad_cpp.exe
c:\users\esteban.carranza\documents\github\piad\piad_cpp\x64\debug\piad_cpp.pdb
c:\users\esteban.carranza\documents\github\piad\piad_cpp\piad_cpp\x64\debug\piad_cpp.res
c:\github\piad\piad_cpp\piad_cpp\x64\debug\piad_cpp.res
c:\github\piad\piad_cpp\x64\debug\piad_cpp.pdb
c:\github\piad\piad_cpp\piad_cpp\x64\debug\piad_cpp.tlog\cl.command.1.tlog
c:\github\piad\piad_cpp\piad_cpp\x64\debug\piad_cpp.tlog\cl.read.1.tlog
c:\github\piad\piad_cpp\piad_cpp\x64\debug\piad_cpp.tlog\cl.write.1.tlog
c:\github\piad\piad_cpp\piad_cpp\x64\debug\piad_cpp.tlog\link-cvtres.read.1.tlog
c:\github\piad\piad_cpp\piad_cpp\x64\debug\piad_cpp.tlog\link-cvtres.write.1.tlog
c:\github\piad\piad_cpp\piad_cpp\x64\debug\piad_cpp.tlog\link-rc.read.1.tlog
c:\github\piad\piad_cpp\piad_cpp\x64\debug\piad_cpp.tlog\link-rc.write.1.tlog
c:\github\piad\piad_cpp\piad_cpp\x64\debug\piad_cpp.tlog\link.command.1.tlog
c:\github\piad\piad_cpp\piad_cpp\x64\debug\piad_cpp.tlog\link.read.1.tlog
c:\github\piad\piad_cpp\piad_cpp\x64\debug\piad_cpp.tlog\link.write.1.tlog
c:\github\piad\piad_cpp\piad_cpp\x64\debug\piad_cpp.tlog\rc.command.1.tlog
c:\github\piad\piad_cpp\piad_cpp\x64\debug\piad_cpp.tlog\rc.read.1.tlog
c:\github\piad\piad_cpp\piad_cpp\x64\debug\piad_cpp.tlog\rc.write.1.tlog
