C:\Program Files (x86)\MSBuild\Microsoft.Cpp\v4.0\V140\Microsoft.CppBuild.targets(392,5): warning MSB8028: The intermediate directory (x64\Release\) contains files shared from another project (PIAD_CPP.vcxproj).  This can lead to incorrect clean and rebuild behavior.
  main.cpp
c:\github\piad\piad_cpp_v3\piad_cpp\convert.h(15): warning C4244: '=': conversión de 'WCHAR' a 'char'; posible pérdida de datos
c:\github\piad\piad_cpp_v3\piad_cpp\convert.h(25): warning C4244: '=': conversión de 'const WCHAR' a 'char'; posible pérdida de datos
c:\github\piad\piad_cpp_v3\piad_cpp\guardar_imagen.h(38): warning C4091: 'static ': se ha omitido a la izquierda de 'guardar' cuando no hay ninguna variable declarada
c:\github\piad\piad_cpp_v3\piad_cpp\e1.h(71): warning C4244: '=': conversión de 'double' a 'uchar'; posible pérdida de datos
c:\github\piad\piad_cpp_v3\piad_cpp\e1.h(73): warning C4244: '=': conversión de 'double' a 'uchar'; posible pérdida de datos
c:\github\piad\piad_cpp_v3\piad_cpp\e1.h(75): warning C4244: '=': conversión de 'double' a 'uchar'; posible pérdida de datos
c:\github\piad\piad_cpp_v3\piad_cpp\e1.h(85): warning C4244: 'inicializando': conversión de 'double' a 'uchar'; posible pérdida de datos
c:\github\piad\piad_cpp_v3\piad_cpp\e1.h(86): warning C4244: 'inicializando': conversión de 'double' a 'uchar'; posible pérdida de datos
c:\github\piad\piad_cpp_v3\piad_cpp\ctrl_dbx_filtros.h(72): warning C4060: la instrucción switch no contiene etiquetas 'case' ni 'default'
c:\github\piad\piad_cpp_v3\piad_cpp\e4.h(101): warning C4244: 'argumento': conversión de 'double' a 'int'; posible pérdida de datos
c:\github\piad\piad_cpp_v3\piad_cpp\e4.h(102): warning C4244: 'argumento': conversión de 'double' a 'int'; posible pérdida de datos
c:\github\piad\piad_cpp_v3\piad_cpp\e4.h(114): warning C4244: 'argumento': conversión de 'double' a 'int'; posible pérdida de datos
  Generando código
  5 of 282 functions ( 1.8%) were compiled, the rest were copied from previous compilation.
    0 functions were new in current compilation
    2 functions had inline decision re-evaluated but remain unchanged
  Generación de código finalizada
  PIAD_CPP.vcxproj -> C:\GitHub\PIAD\PIAD_CPP_v3\x64\Release\PIAD_CPP_03.exe
  PIAD_CPP.vcxproj -> C:\GitHub\PIAD\PIAD_CPP_v3\x64\Release\PIAD_CPP_03.pdb (Full PDB)
