c:\github\piad\piad_cpp\piad_cpp\x64\release\vc140.pdb
c:\github\piad\piad_cpp\piad_cpp\x64\release\main.obj
c:\github\piad\piad_cpp\x64\release\piad_cpp.exe
c:\github\piad\piad_cpp\x64\release\piad_cpp.ipdb
c:\github\piad\piad_cpp\x64\release\piad_cpp.iobj
c:\github\piad\piad_cpp\x64\release\piad_cpp.pdb
c:\github\piad\piad_cpp_v3\x64\release\piad_cpp.exe
c:\github\piad\piad_cpp_v3\x64\release\piad_cpp.ipdb
c:\github\piad\piad_cpp_v3\x64\release\piad_cpp.iobj
c:\github\piad\piad_cpp_v3\x64\release\piad_cpp.pdb
c:\github\piad\piad_cpp\piad_cpp\x64\release\piad_cpp.res
c:\github\piad\piad_cpp_v3\piad_cpp\x64\release\piad_cpp.res
c:\github\piad\piad_cpp_v3\piad_cpp\x64\release\vc140.pdb
c:\github\piad\piad_cpp_v3\piad_cpp\x64\release\piad_cpp.tlog\cl.command.1.tlog
c:\github\piad\piad_cpp_v3\piad_cpp\x64\release\piad_cpp.tlog\cl.read.1.tlog
c:\github\piad\piad_cpp_v3\piad_cpp\x64\release\piad_cpp.tlog\cl.write.1.tlog
c:\github\piad\piad_cpp_v3\piad_cpp\x64\release\piad_cpp.tlog\link.command.1.tlog
c:\github\piad\piad_cpp_v3\piad_cpp\x64\release\piad_cpp.tlog\link.read.1.tlog
c:\github\piad\piad_cpp_v3\piad_cpp\x64\release\piad_cpp.tlog\link.write.1.tlog
c:\github\piad\piad_cpp_v3\piad_cpp\x64\release\piad_cpp.tlog\rc.command.1.tlog
c:\github\piad\piad_cpp_v3\piad_cpp\x64\release\piad_cpp.tlog\rc.read.1.tlog
c:\github\piad\piad_cpp_v3\piad_cpp\x64\release\piad_cpp.tlog\rc.write.1.tlog
