  main.cpp
c:\github\piad\piad_rv3\piad_rv3\convert.h(15): warning C4244: '=': conversión de 'WCHAR' a 'char'; posible pérdida de datos
c:\github\piad\piad_rv3\piad_rv3\convert.h(25): warning C4244: '=': conversión de 'const WCHAR' a 'char'; posible pérdida de datos
c:\github\piad\piad_rv3\piad_rv3\mod.filtro.h(36): warning C4091: 'static ': se ha omitido a la izquierda de 'clsFiltro::filtro' cuando no hay ninguna variable declarada
c:\github\piad\piad_rv3\piad_rv3\mod.filtro.h(45): warning C4091: 'static ': se ha omitido a la izquierda de 'clsFiltro::formaFiltrado' cuando no hay ninguna variable declarada
c:\github\piad\piad_rv3\piad_rv3\mod.filtro.h(52): warning C4091: 'static ': se ha omitido a la izquierda de 'clsFiltro::recMSG' cuando no hay ninguna variable declarada
c:\github\piad\piad_rv3\piad_rv3\mod.saveData.h(27): warning C4091: 'static ': se ha omitido a la izquierda de 'saveData' cuando no hay ninguna variable declarada
c:\github\piad\piad_rv3\piad_rv3\filtros.h(101): warning C4244: '=': conversión de 'double' a 'uchar'; posible pérdida de datos
c:\github\piad\piad_rv3\piad_rv3\filtros.h(103): warning C4244: '=': conversión de 'double' a 'uchar'; posible pérdida de datos
c:\github\piad\piad_rv3\piad_rv3\filtros.h(105): warning C4244: '=': conversión de 'double' a 'uchar'; posible pérdida de datos
c:\github\piad\piad_rv3\piad_rv3\filtros.h(114): warning C4244: 'inicializando': conversión de 'double' a 'int'; posible pérdida de datos
c:\github\piad\piad_rv3\piad_rv3\filtros.h(115): warning C4244: 'inicializando': conversión de 'double' a 'int'; posible pérdida de datos
c:\github\piad\piad_rv3\piad_rv3\filtros.h(116): warning C4244: 'inicializando': conversión de 'double' a 'int'; posible pérdida de datos
c:\github\piad\piad_rv3\piad_rv3\ctrl_filtros.h(55): warning C4091: 'static ': se ha omitido a la izquierda de 'ctrl_filtros::modes' cuando no hay ninguna variable declarada
c:\github\piad\piad_rv3\piad_rv3\ctrl_filtros.h(57): warning C4091: 'static ': se ha omitido a la izquierda de 'ctrl_filtros' cuando no hay ninguna variable declarada
c:\github\piad\piad_rv3\piad_rv3\ctrl_filtros.h(36): warning C4244: '=': conversión de 'double' a 'uchar'; posible pérdida de datos
c:\github\piad\piad_rv3\piad_rv3\ctrl_filtros.h(38): warning C4244: '=': conversión de 'double' a 'uchar'; posible pérdida de datos
c:\github\piad\piad_rv3\piad_rv3\ctrl_filtros.h(40): warning C4244: '=': conversión de 'double' a 'uchar'; posible pérdida de datos
c:\github\piad\piad_rv3\piad_rv3\ctrl_dbx_filtros.h(193): warning C4244: 'inicializando': conversión de 'LRESULT' a 'int'; posible pérdida de datos
c:\github\piad\piad_rv3\piad_rv3\ctrl_dbx_filtros.h(238): warning C4244: 'inicializando': conversión de 'LRESULT' a 'int'; posible pérdida de datos
c:\github\piad\piad_rv3\piad_rv3\ctrl_dbx_filtros.h(84): warning C4060: la instrucción switch no contiene etiquetas 'case' ni 'default'
  Generando código
  73 of 169 functions (43.2%) were compiled, the rest were copied from previous compilation.
    41 functions were new in current compilation
    7 functions had inline decision re-evaluated but remain unchanged
  Generación de código finalizada
  PIAD_RV3.vcxproj -> C:\GitHub\PIAD\PIAD_RV3\x64\Release\PIAD_RV3.exe
  PIAD_RV3.vcxproj -> C:\GitHub\PIAD\PIAD_RV3\x64\Release\PIAD_RV3.pdb (Full PDB)
