c:\users\esteban.carranza\documents\visual studio 2015\projects\piad_rv3\piad_rv3\x64\release\vc140.pdb
c:\users\esteban.carranza\documents\visual studio 2015\projects\piad_rv3\piad_rv3\x64\release\main.obj
c:\users\esteban.carranza\documents\visual studio 2015\projects\piad_rv3\x64\release\piad_rv3.exe
c:\users\esteban.carranza\documents\visual studio 2015\projects\piad_rv3\x64\release\piad_rv3.ipdb
c:\users\esteban.carranza\documents\visual studio 2015\projects\piad_rv3\x64\release\piad_rv3.iobj
c:\users\esteban.carranza\documents\visual studio 2015\projects\piad_rv3\x64\release\piad_rv3.pdb
c:\github\piad\piad_rv3\x64\release\piad_rv3.exe
c:\github\piad\piad_rv3\x64\release\piad_rv3.ipdb
c:\github\piad\piad_rv3\x64\release\piad_rv3.iobj
c:\github\piad\piad_rv3\x64\release\piad_rv3.pdb
c:\users\esteban.carranza\documents\visual studio 2015\projects\piad_rv3\piad_rv3\x64\release\piad_rv3.res
c:\github\piad\piad_rv3\piad_rv3\x64\release\piad_rv3.res
c:\github\piad\piad_rv3\piad_rv3\x64\release\vc140.pdb
c:\github\piad\piad_rv3\piad_rv3\x64\release\piad_rv3.tlog\cl.command.1.tlog
c:\github\piad\piad_rv3\piad_rv3\x64\release\piad_rv3.tlog\cl.read.1.tlog
c:\github\piad\piad_rv3\piad_rv3\x64\release\piad_rv3.tlog\cl.write.1.tlog
c:\github\piad\piad_rv3\piad_rv3\x64\release\piad_rv3.tlog\link.command.1.tlog
c:\github\piad\piad_rv3\piad_rv3\x64\release\piad_rv3.tlog\link.read.1.tlog
c:\github\piad\piad_rv3\piad_rv3\x64\release\piad_rv3.tlog\link.write.1.tlog
c:\github\piad\piad_rv3\piad_rv3\x64\release\piad_rv3.tlog\rc.command.1.tlog
c:\github\piad\piad_rv3\piad_rv3\x64\release\piad_rv3.tlog\rc.read.1.tlog
c:\github\piad\piad_rv3\piad_rv3\x64\release\piad_rv3.tlog\rc.write.1.tlog
