C:\Program Files (x86)\MSBuild\Microsoft.Cpp\v4.0\V140\Microsoft.CppBuild.targets(392,5): warning MSB8028: The intermediate directory (x64\Debug\) contains files shared from another project (PIAD_CPP.vcxproj).  This can lead to incorrect clean and rebuild behavior.
  main.cpp
c:\github\piad\piad_cpp_v3\piad_cpp\convert.h(15): warning C4244: '=': conversión de 'WCHAR' a 'char'; posible pérdida de datos
c:\github\piad\piad_cpp_v3\piad_cpp\convert.h(25): warning C4244: '=': conversión de 'const WCHAR' a 'char'; posible pérdida de datos
c:\github\piad\piad_cpp_v3\piad_cpp\guardar_imagen.h(38): warning C4091: 'static ': se ha omitido a la izquierda de 'guardar' cuando no hay ninguna variable declarada
c:\github\piad\piad_cpp_v3\piad_cpp\e1.h(71): warning C4244: '=': conversión de 'double' a 'uchar'; posible pérdida de datos
c:\github\piad\piad_cpp_v3\piad_cpp\e1.h(73): warning C4244: '=': conversión de 'double' a 'uchar'; posible pérdida de datos
c:\github\piad\piad_cpp_v3\piad_cpp\e1.h(75): warning C4244: '=': conversión de 'double' a 'uchar'; posible pérdida de datos
c:\github\piad\piad_cpp_v3\piad_cpp\e1.h(84): warning C4244: 'inicializando': conversión de 'double' a 'uchar'; posible pérdida de datos
c:\github\piad\piad_cpp_v3\piad_cpp\e1.h(85): warning C4244: 'inicializando': conversión de 'double' a 'uchar'; posible pérdida de datos
c:\github\piad\piad_cpp_v3\piad_cpp\e1.h(86): warning C4244: 'inicializando': conversión de 'double' a 'uchar'; posible pérdida de datos
c:\github\piad\piad_cpp_v3\piad_cpp\ctrl_dbx_filtros.h(72): warning C4060: la instrucción switch no contiene etiquetas 'case' ni 'default'
c:\github\piad\piad_cpp_v3\piad_cpp\e4.h(101): warning C4244: 'argumento': conversión de 'double' a 'int'; posible pérdida de datos
c:\github\piad\piad_cpp_v3\piad_cpp\e4.h(102): warning C4244: 'argumento': conversión de 'double' a 'int'; posible pérdida de datos
c:\github\piad\piad_cpp_v3\piad_cpp\e4.h(114): warning C4244: 'argumento': conversión de 'double' a 'int'; posible pérdida de datos
c:\github\piad\piad_cpp_v3\piad_cpp\convert.h(28): warning C4172: devolución de dirección de la variable local o temporal: charArray
c:\github\piad\piad_cpp_v3\piad_cpp\convert.h(16): warning C4172: devolución de dirección de la variable local o temporal: Char
main.obj : error LNK2019: símbolo externo "class cv::debug_build_guard::_InputOutputArray const & __cdecl cv::noArray(void)" (?noArray@cv@@YAAEBV_InputOutputArray@debug_build_guard@1@XZ) sin resolver al que se hace referencia en la función "void __cdecl e2(void)" (?e2@@YAXXZ)
main.obj : error LNK2019: símbolo externo "public: void __cdecl cv::Mat::copyTo(class cv::debug_build_guard::_OutputArray const &)const " (?copyTo@Mat@cv@@QEBAXAEBV_OutputArray@debug_build_guard@2@@Z) sin resolver al que se hace referencia en la función "public: class cv::Mat __cdecl cv::Mat::clone(void)const " (?clone@Mat@cv@@QEBA?AV12@XZ)
main.obj : error LNK2019: símbolo externo "void __cdecl cv::subtract(class cv::debug_build_guard::_InputArray const &,class cv::debug_build_guard::_InputArray const &,class cv::debug_build_guard::_OutputArray const &,class cv::debug_build_guard::_InputArray const &,int)" (?subtract@cv@@YAXAEBV_InputArray@debug_build_guard@1@0AEBV_OutputArray@31@0H@Z) sin resolver al que se hace referencia en la función "void __cdecl e2(void)" (?e2@@YAXXZ)
main.obj : error LNK2019: símbolo externo "void __cdecl cv::blur(class cv::debug_build_guard::_InputArray const &,class cv::debug_build_guard::_OutputArray const &,class cv::Size_<int>,class cv::Point_<int>,int)" (?blur@cv@@YAXAEBV_InputArray@debug_build_guard@1@AEBV_OutputArray@31@V?$Size_@H@1@V?$Point_@H@1@H@Z) sin resolver al que se hace referencia en la función "void __cdecl e3(void)" (?e3@@YAXXZ)
main.obj : error LNK2019: símbolo externo "void __cdecl cv::resize(class cv::debug_build_guard::_InputArray const &,class cv::debug_build_guard::_OutputArray const &,class cv::Size_<int>,double,double,int)" (?resize@cv@@YAXAEBV_InputArray@debug_build_guard@1@AEBV_OutputArray@31@V?$Size_@H@1@NNH@Z) sin resolver al que se hace referencia en la función "void __cdecl CaraYOjos(class cv::Mat,float,struct HWND__ *,class mod_picture)" (?CaraYOjos@@YAXVMat@cv@@MPEAUHWND__@@Vmod_picture@@@Z)
main.obj : error LNK2019: símbolo externo "void __cdecl cv::equalizeHist(class cv::debug_build_guard::_InputArray const &,class cv::debug_build_guard::_OutputArray const &)" (?equalizeHist@cv@@YAXAEBV_InputArray@debug_build_guard@1@AEBV_OutputArray@31@@Z) sin resolver al que se hace referencia en la función "void __cdecl CaraYOjos(class cv::Mat,float,struct HWND__ *,class mod_picture)" (?CaraYOjos@@YAXVMat@cv@@MPEAUHWND__@@Vmod_picture@@@Z)
main.obj : error LNK2019: símbolo externo "void __cdecl cv::cvtColor(class cv::debug_build_guard::_InputArray const &,class cv::debug_build_guard::_OutputArray const &,int,int)" (?cvtColor@cv@@YAXAEBV_InputArray@debug_build_guard@1@AEBV_OutputArray@31@HH@Z) sin resolver al que se hace referencia en la función "void __cdecl CaraYOjos(class cv::Mat,float,struct HWND__ *,class mod_picture)" (?CaraYOjos@@YAXVMat@cv@@MPEAUHWND__@@Vmod_picture@@@Z)
main.obj : error LNK2019: símbolo externo "void __cdecl cv::rectangle(class cv::debug_build_guard::_InputOutputArray const &,class cv::Point_<int>,class cv::Point_<int>,class cv::Scalar_<double> const &,int,int,int)" (?rectangle@cv@@YAXAEBV_InputOutputArray@debug_build_guard@1@V?$Point_@H@1@1AEBV?$Scalar_@N@1@HHH@Z) sin resolver al que se hace referencia en la función "void __cdecl e5(struct HWND__ *,class mod_picture)" (?e5@@YAXPEAUHWND__@@Vmod_picture@@@Z)
main.obj : error LNK2019: símbolo externo "void __cdecl cv::circle(class cv::debug_build_guard::_InputOutputArray const &,class cv::Point_<int>,int,class cv::Scalar_<double> const &,int,int,int)" (?circle@cv@@YAXAEBV_InputOutputArray@debug_build_guard@1@V?$Point_@H@1@HAEBV?$Scalar_@N@1@HHH@Z) sin resolver al que se hace referencia en la función "void __cdecl CaraYOjos(class cv::Mat,float,struct HWND__ *,class mod_picture)" (?CaraYOjos@@YAXVMat@cv@@MPEAUHWND__@@Vmod_picture@@@Z)
main.obj : error LNK2019: símbolo externo "void __cdecl cv::ellipse(class cv::debug_build_guard::_InputOutputArray const &,class cv::Point_<int>,class cv::Size_<int>,double,double,double,class cv::Scalar_<double> const &,int,int,int)" (?ellipse@cv@@YAXAEBV_InputOutputArray@debug_build_guard@1@V?$Point_@H@1@V?$Size_@H@1@NNNAEBV?$Scalar_@N@1@HHH@Z) sin resolver al que se hace referencia en la función "void __cdecl CaraYOjos(class cv::Mat,float,struct HWND__ *,class mod_picture)" (?CaraYOjos@@YAXVMat@cv@@MPEAUHWND__@@Vmod_picture@@@Z)
main.obj : error LNK2019: símbolo externo "bool __cdecl cv::imwrite(class cv::String const &,class cv::debug_build_guard::_InputArray const &,class std::vector<int,class std::allocator<int> > const &)" (?imwrite@cv@@YA_NAEBVString@1@AEBV_InputArray@debug_build_guard@1@AEBV?$vector@HV?$allocator@H@std@@@std@@@Z) sin resolver al que se hace referencia en la función "public: static int __cdecl guardar::guardar_imagen(class cv::Mat,struct HWND__ *,class mod_picture)" (?guardar_imagen@guardar@@SAHVMat@cv@@PEAUHWND__@@Vmod_picture@@@Z)
main.obj : error LNK2019: símbolo externo "public: virtual bool __cdecl cv::VideoCapture::read(class cv::debug_build_guard::_OutputArray const &)" (?read@VideoCapture@cv@@UEAA_NAEBV_OutputArray@debug_build_guard@2@@Z) sin resolver al que se hace referencia en la función "void __cdecl e2(void)" (?e2@@YAXXZ)
main.obj : error LNK2019: símbolo externo "void __cdecl cv::imshow(class cv::String const &,class cv::debug_build_guard::_InputArray const &)" (?imshow@cv@@YAXAEBVString@1@AEBV_InputArray@debug_build_guard@1@@Z) sin resolver al que se hace referencia en la función "void __cdecl CaraYOjos(class cv::Mat,float,struct HWND__ *,class mod_picture)" (?CaraYOjos@@YAXVMat@cv@@MPEAUHWND__@@Vmod_picture@@@Z)
main.obj : error LNK2019: símbolo externo "public: void __cdecl cv::CascadeClassifier::detectMultiScale(class cv::debug_build_guard::_InputArray const &,class std::vector<class cv::Rect_<int>,class std::allocator<class cv::Rect_<int> > > &,double,int,int,class cv::Size_<int>,class cv::Size_<int>)" (?detectMultiScale@CascadeClassifier@cv@@QEAAXAEBV_InputArray@debug_build_guard@2@AEAV?$vector@V?$Rect_@H@cv@@V?$allocator@V?$Rect_@H@cv@@@std@@@std@@NHHV?$Size_@H@2@2@Z) sin resolver al que se hace referencia en la función "void __cdecl CaraYOjos(class cv::Mat,float,struct HWND__ *,class mod_picture)" (?CaraYOjos@@YAXVMat@cv@@MPEAUHWND__@@Vmod_picture@@@Z)
main.obj : error LNK2019: símbolo externo "public: virtual void __cdecl cv::HOGDescriptor::setSVMDetector(class cv::debug_build_guard::_InputArray const &)" (?setSVMDetector@HOGDescriptor@cv@@UEAAXAEBV_InputArray@debug_build_guard@2@@Z) sin resolver al que se hace referencia en la función "void __cdecl e5(struct HWND__ *,class mod_picture)" (?e5@@YAXPEAUHWND__@@Vmod_picture@@@Z)
main.obj : error LNK2001: símbolo externo "public: virtual void __cdecl cv::HOGDescriptor::compute(class cv::debug_build_guard::_InputArray const &,class std::vector<float,class std::allocator<float> > &,class cv::Size_<int>,class cv::Size_<int>,class std::vector<class cv::Point_<int>,class std::allocator<class cv::Point_<int> > > const &)const " (?compute@HOGDescriptor@cv@@UEBAXAEBV_InputArray@debug_build_guard@2@AEAV?$vector@MV?$allocator@M@std@@@std@@V?$Size_@H@2@2AEBV?$vector@V?$Point_@H@cv@@V?$allocator@V?$Point_@H@cv@@@std@@@6@@Z) sin resolver
main.obj : error LNK2001: símbolo externo "public: virtual void __cdecl cv::HOGDescriptor::detectMultiScale(class cv::debug_build_guard::_InputArray const &,class std::vector<class cv::Rect_<int>,class std::allocator<class cv::Rect_<int> > > &,class std::vector<double,class std::allocator<double> > &,double,class cv::Size_<int>,class cv::Size_<int>,double,double,bool)const " (?detectMultiScale@HOGDescriptor@cv@@UEBAXAEBV_InputArray@debug_build_guard@2@AEAV?$vector@V?$Rect_@H@cv@@V?$allocator@V?$Rect_@H@cv@@@std@@@std@@AEAV?$vector@NV?$allocator@N@std@@@6@NV?$Size_@H@2@3NN_N@Z) sin resolver
main.obj : error LNK2019: símbolo externo "public: virtual void __cdecl cv::HOGDescriptor::detectMultiScale(class cv::debug_build_guard::_InputArray const &,class std::vector<class cv::Rect_<int>,class std::allocator<class cv::Rect_<int> > > &,double,class cv::Size_<int>,class cv::Size_<int>,double,double,bool)const " (?detectMultiScale@HOGDescriptor@cv@@UEBAXAEBV_InputArray@debug_build_guard@2@AEAV?$vector@V?$Rect_@H@cv@@V?$allocator@V?$Rect_@H@cv@@@std@@@std@@NV?$Size_@H@2@2NN_N@Z) sin resolver al que se hace referencia en la función "void __cdecl e5(struct HWND__ *,class mod_picture)" (?e5@@YAXPEAUHWND__@@Vmod_picture@@@Z)
C:\GitHub\PIAD\PIAD_CPP_v3\x64\Debug\PIAD_CPP_03.exe : fatal error LNK1120: 18 externos sin resolver
